<?xml version="1.0" encoding="UTF-8"?>
<testng-results ignored="0" total="1" passed="1" failed="0" skipped="0">
  <reporter-output>
  </reporter-output>
  <suite started-at="2022-03-24T01:41:15Z" name="Test" finished-at="2022-03-24T01:41:21Z" duration-ms="6001">
    <groups>
      <group name="cucumber">
        <method signature="AbstractTestNGCucumberTests.feature(cucumber.api.testng.CucumberFeatureWrapper)[pri:0, instance:com.usa.my.runner.RunCucumberTest@17aad511]" name="feature" class="cucumber.api.testng.AbstractTestNGCucumberTests"/>
      </group> <!-- cucumber -->
    </groups>
    <test started-at="2022-03-24T01:41:15Z" name="Tutorialspoint" finished-at="2022-03-24T01:41:21Z" duration-ms="6001">
      <class name="com.usa.my.runner.RunCucumberTest">
        <test-method is-config="true" signature="setUpClass()[pri:0, instance:com.usa.my.runner.RunCucumberTest@17aad511]" started-at="2022-03-24T01:41:15Z" name="setUpClass" finished-at="2022-03-24T01:41:15Z" duration-ms="173" status="PASS">
          <reporter-output>
          </reporter-output>
        </test-method> <!-- setUpClass -->
        <test-method signature="feature(cucumber.api.testng.CucumberFeatureWrapper)[pri:0, instance:com.usa.my.runner.RunCucumberTest@17aad511]" started-at="2022-03-24T01:41:15Z" name="feature" description="Runs Cucumber Feature" data-provider="features" finished-at="2022-03-24T01:41:21Z" duration-ms="5751" status="PASS">
          <params>
            <param index="0">
              <value>
                <![CDATA[User able use zoopla application, login the application, searching the property, buy the property]]>
              </value>
            </param>
          </params>
          <reporter-output>
          </reporter-output>
        </test-method> <!-- feature -->
        <test-method is-config="true" signature="tearDownClass()[pri:0, instance:com.usa.my.runner.RunCucumberTest@17aad511]" started-at="2022-03-24T01:41:21Z" name="tearDownClass" finished-at="2022-03-24T01:41:21Z" duration-ms="4" status="PASS">
          <reporter-output>
          </reporter-output>
        </test-method> <!-- tearDownClass -->
      </class> <!-- com.usa.my.runner.RunCucumberTest -->
    </test> <!-- Tutorialspoint -->
  </suite> <!-- Test -->
</testng-results>
